<?xml version="1.0" encoding="UTF-8"?>
<!-- Generated by org.testng.reporters.JUnitReportReporter -->
<testsuite hostname="LAPTOP-ODTF0MJ6" failures="0" tests="2" name="testClass.VerifyFund" time="9.368" errors="0" timestamp="2021-11-20T12:21:29 IST" skipped="0">
  <testcase classname="testClass.VerifyFund" name="verifyFund" time="5.379"/>
  <system-out/>
  <testcase classname="testClass.VerifyFund" name="verifyHistory" time="3.989"/>
  <system-out/>
</testsuite> <!-- testClass.VerifyFund -->
