<?xml version="1.0" encoding="UTF-8"?>
<!-- Generated by org.testng.reporters.JUnitReportReporter -->
<testsuite hostname="LAPTOP-ODTF0MJ6" failures="0" tests="1" name="testClass.VerifyInvest" time="7.672" errors="0" timestamp="2021-11-20T17:43:22 IST" skipped="0">
  <testcase classname="testClass.VerifyInvest" name="verifyFund" time="7.672"/>
  <system-out/>
</testsuite> <!-- testClass.VerifyInvest -->
